{"uid":"c04d4ce98afd2ef7","name":"CheckMessageInProjectDelConformationWindow","fullName":"TestRail:TestRail.Tests.UI.ProjectTests.CheckMessageInProjectDelConformationWindow()","historyId":"7ba7dc737c1fb18fd4e14b77a86e10b3","time":{"start":1717983509448,"stop":1717983509452,"duration":4},"description":"Verifying the message text in the project deletion confirmation window","descriptionHtml":"<p>Verifying the message text in the project deletion confirmation window</p>\n","status":"broken","statusMessage":"System.Reflection.TargetInvocationException : Exception has been thrown by the target of an invocation.\n  ----> System.NullReferenceException : Object reference not set to an instance of an object.\nTearDown : System.Reflection.TargetInvocationException : Exception has been thrown by the target of an invocation.\n  ----> System.NullReferenceException : Object reference not set to an instance of an object.","statusTrace":"   at System.Reflection.MethodBaseInvoker.InvokeWithManyArgs(Object obj, BindingFlags invokeAttr, Binder binder, Object[] parameters, CultureInfo culture)\n   at Allure.Net.Commons.Steps.AllureStepAspectBase.Around(String name, Object[] args, Func`2 target, MethodBase metadata, Type returnType)\n   at TestRail.BaseEntities.BaseTest.__a$_around_SetupBaseTest_100663574_w_0(Object[])\n   at TestRail.BaseEntities.BaseTest.SetupBaseTest()\n   at InvokeStub_BaseTest.SetupBaseTest(Object, Object, IntPtr*)\n   at System.Reflection.MethodBaseInvoker.InvokeWithNoArgs(Object obj, BindingFlags invokeAttr)\n--NullReferenceException\n   at TestRail.Core.DriverFactory.GetFireFoxDriver() in /home/runner/work/TestRail/TestRail/Core/DriverFactory.cs:line 31\n   at TestRail.Core.Browser..ctor() in /home/runner/work/TestRail/TestRail/Core/Browser.cs:line 20\n   at TestRail.BaseEntities.BaseTest.__a$_around_SetupBaseTest_100663574_o() in /home/runner/work/TestRail/TestRail/BaseEntities/BaseTest.cs:line 30\n   at TestRail.BaseEntities.BaseTest.__a$_around_SetupBaseTest_100663574_u(Object[])\n   at Allure.Net.Commons.Steps.AllureAbstractStepAspect.WrapSyncVoid(Func`2 target, Object[] args, MethodBase metadata, String stepName, List`1 stepParameters)\n   at InvokeStub_AllureAbstractStepAspect.WrapSyncVoid(Object, Span`1)\n   at System.Reflection.MethodBaseInvoker.InvokeWithManyArgs(Object obj, BindingFlags invokeAttr, Binder binder, Object[] parameters, CultureInfo culture)\n--TearDown\n   at System.Reflection.MethodBaseInvoker.InvokeWithManyArgs(Object obj, BindingFlags invokeAttr, Binder binder, Object[] parameters, CultureInfo culture)\n   at Allure.Net.Commons.Steps.AllureStepAspectBase.Around(String name, Object[] args, Func`2 target, MethodBase metadata, Type returnType)\n   at TestRail.BaseEntities.BaseTest.__a$_around_TearDownBaseTest_100663575_w_1(Object[])\n   at Allure.NUnit.Internals.StopContainerAspect.StopTestContainerAfterTheLastOneTimeTearDown(Func`2 target, Object[] arguments, MethodBase metadata)\n   at TestRail.BaseEntities.BaseTest.__a$_around_TearDownBaseTest_100663575_w_0(Object[])\n   at TestRail.BaseEntities.BaseTest.TearDownBaseTest()\n   at InvokeStub_BaseTest.TearDownBaseTest(Object, Object, IntPtr*)\n   at System.Reflection.MethodBaseInvoker.InvokeWithNoArgs(Object obj, BindingFlags invokeAttr)\n--NullReferenceException\n   at TestRail.BaseEntities.BaseTest.__a$_around_TearDownBaseTest_100663575_o() in /home/runner/work/TestRail/TestRail/BaseEntities/BaseTest.cs:line 64\n   at TestRail.BaseEntities.BaseTest.__a$_around_TearDownBaseTest_100663575_u(Object[])\n   at Allure.Net.Commons.Steps.AllureAbstractStepAspect.WrapSyncVoid(Func`2 target, Object[] args, MethodBase metadata, String stepName, List`1 stepParameters)\n   at InvokeStub_AllureAbstractStepAspect.WrapSyncVoid(Object, Span`1)\n   at System.Reflection.MethodBaseInvoker.InvokeWithManyArgs(Object obj, BindingFlags invokeAttr, Binder binder, Object[] parameters, CultureInfo culture)","flaky":false,"newFailed":false,"newBroken":true,"newPassed":false,"retriesCount":0,"retriesStatusChange":false,"beforeStages":[{"name":"Setup API client","time":{"start":1717983509448,"stop":1717983509449,"duration":1},"status":"passed","steps":[],"attachments":[],"parameters":[],"attachmentsCount":0,"shouldDisplayMessage":false,"stepsCount":0,"hasContent":false},{"name":"Setup driver","time":{"start":1717983509449,"stop":1717983509449,"duration":0},"status":"broken","statusMessage":"Object reference not set to an instance of an object.","statusTrace":"System.NullReferenceException: Object reference not set to an instance of an object.\n   at TestRail.Core.DriverFactory.GetFireFoxDriver() in /home/runner/work/TestRail/TestRail/Core/DriverFactory.cs:line 31\n   at TestRail.Core.Browser..ctor() in /home/runner/work/TestRail/TestRail/Core/Browser.cs:line 20\n   at TestRail.BaseEntities.BaseTest.__a$_around_SetupBaseTest_100663574_o() in /home/runner/work/TestRail/TestRail/BaseEntities/BaseTest.cs:line 30\n   at TestRail.BaseEntities.BaseTest.__a$_around_SetupBaseTest_100663574_u(Object[])\n   at Allure.Net.Commons.Steps.AllureAbstractStepAspect.WrapSyncVoid(Func`2 target, Object[] args, MethodBase metadata, String stepName, List`1 stepParameters)","steps":[],"attachments":[],"parameters":[],"attachmentsCount":0,"shouldDisplayMessage":true,"stepsCount":0,"hasContent":true}],"testStage":{"description":"Verifying the message text in the project deletion confirmation window","status":"broken","statusMessage":"System.Reflection.TargetInvocationException : Exception has been thrown by the target of an invocation.\n  ----> System.NullReferenceException : Object reference not set to an instance of an object.\nTearDown : System.Reflection.TargetInvocationException : Exception has been thrown by the target of an invocation.\n  ----> System.NullReferenceException : Object reference not set to an instance of an object.","statusTrace":"   at System.Reflection.MethodBaseInvoker.InvokeWithManyArgs(Object obj, BindingFlags invokeAttr, Binder binder, Object[] parameters, CultureInfo culture)\n   at Allure.Net.Commons.Steps.AllureStepAspectBase.Around(String name, Object[] args, Func`2 target, MethodBase metadata, Type returnType)\n   at TestRail.BaseEntities.BaseTest.__a$_around_SetupBaseTest_100663574_w_0(Object[])\n   at TestRail.BaseEntities.BaseTest.SetupBaseTest()\n   at InvokeStub_BaseTest.SetupBaseTest(Object, Object, IntPtr*)\n   at System.Reflection.MethodBaseInvoker.InvokeWithNoArgs(Object obj, BindingFlags invokeAttr)\n--NullReferenceException\n   at TestRail.Core.DriverFactory.GetFireFoxDriver() in /home/runner/work/TestRail/TestRail/Core/DriverFactory.cs:line 31\n   at TestRail.Core.Browser..ctor() in /home/runner/work/TestRail/TestRail/Core/Browser.cs:line 20\n   at TestRail.BaseEntities.BaseTest.__a$_around_SetupBaseTest_100663574_o() in /home/runner/work/TestRail/TestRail/BaseEntities/BaseTest.cs:line 30\n   at TestRail.BaseEntities.BaseTest.__a$_around_SetupBaseTest_100663574_u(Object[])\n   at Allure.Net.Commons.Steps.AllureAbstractStepAspect.WrapSyncVoid(Func`2 target, Object[] args, MethodBase metadata, String stepName, List`1 stepParameters)\n   at InvokeStub_AllureAbstractStepAspect.WrapSyncVoid(Object, Span`1)\n   at System.Reflection.MethodBaseInvoker.InvokeWithManyArgs(Object obj, BindingFlags invokeAttr, Binder binder, Object[] parameters, CultureInfo culture)\n--TearDown\n   at System.Reflection.MethodBaseInvoker.InvokeWithManyArgs(Object obj, BindingFlags invokeAttr, Binder binder, Object[] parameters, CultureInfo culture)\n   at Allure.Net.Commons.Steps.AllureStepAspectBase.Around(String name, Object[] args, Func`2 target, MethodBase metadata, Type returnType)\n   at TestRail.BaseEntities.BaseTest.__a$_around_TearDownBaseTest_100663575_w_1(Object[])\n   at Allure.NUnit.Internals.StopContainerAspect.StopTestContainerAfterTheLastOneTimeTearDown(Func`2 target, Object[] arguments, MethodBase metadata)\n   at TestRail.BaseEntities.BaseTest.__a$_around_TearDownBaseTest_100663575_w_0(Object[])\n   at TestRail.BaseEntities.BaseTest.TearDownBaseTest()\n   at InvokeStub_BaseTest.TearDownBaseTest(Object, Object, IntPtr*)\n   at System.Reflection.MethodBaseInvoker.InvokeWithNoArgs(Object obj, BindingFlags invokeAttr)\n--NullReferenceException\n   at TestRail.BaseEntities.BaseTest.__a$_around_TearDownBaseTest_100663575_o() in /home/runner/work/TestRail/TestRail/BaseEntities/BaseTest.cs:line 64\n   at TestRail.BaseEntities.BaseTest.__a$_around_TearDownBaseTest_100663575_u(Object[])\n   at Allure.Net.Commons.Steps.AllureAbstractStepAspect.WrapSyncVoid(Func`2 target, Object[] args, MethodBase metadata, String stepName, List`1 stepParameters)\n   at InvokeStub_AllureAbstractStepAspect.WrapSyncVoid(Object, Span`1)\n   at System.Reflection.MethodBaseInvoker.InvokeWithManyArgs(Object obj, BindingFlags invokeAttr, Binder binder, Object[] parameters, CultureInfo culture)","steps":[],"attachments":[{"uid":"ca6e59f898162330","name":"Console Output","source":"ca6e59f898162330.txt","type":"text/plain","size":484}],"parameters":[],"attachmentsCount":1,"shouldDisplayMessage":true,"stepsCount":0,"hasContent":true},"afterStages":[{"name":"Driver dispose","time":{"start":1717983509450,"stop":1717983509450,"duration":0},"status":"broken","statusMessage":"Object reference not set to an instance of an object.","statusTrace":"System.NullReferenceException: Object reference not set to an instance of an object.\n   at TestRail.BaseEntities.BaseTest.__a$_around_TearDownBaseTest_100663575_o() in /home/runner/work/TestRail/TestRail/BaseEntities/BaseTest.cs:line 64\n   at TestRail.BaseEntities.BaseTest.__a$_around_TearDownBaseTest_100663575_u(Object[])\n   at Allure.Net.Commons.Steps.AllureAbstractStepAspect.WrapSyncVoid(Func`2 target, Object[] args, MethodBase metadata, String stepName, List`1 stepParameters)","steps":[],"attachments":[],"parameters":[],"attachmentsCount":0,"shouldDisplayMessage":true,"stepsCount":0,"hasContent":true},{"name":"API client dispose","time":{"start":1717983509451,"stop":1717983509451,"duration":0},"status":"passed","steps":[],"attachments":[],"parameters":[],"attachmentsCount":0,"shouldDisplayMessage":false,"stepsCount":0,"hasContent":false}],"labels":[{"name":"thread","value":"ParallelWorker#3"},{"name":"host","value":"fv-az1432-738"},{"name":"language","value":"C#"},{"name":"framework","value":"NUnit 3"},{"name":"package","value":"TestRail.Tests.UI"},{"name":"testMethod","value":"CheckMessageInProjectDelConformationWindow"},{"name":"testClass","value":"ProjectTests"},{"name":"severity","value":"normal"},{"name":"story","value":"Delete a project"},{"name":"feature","value":"ProjectTests"},{"name":"owner","value":"EAntonova"},{"name":"epic","value":"TestRail"},{"name":"tag","value":"ProjectTests"},{"name":"resultFormat","value":"allure2"}],"parameters":[],"links":[],"hidden":false,"retry":false,"extra":{"severity":"normal","owner":"EAntonova","retries":[],"categories":[{"name":"Test defects","matchedStatuses":[],"flaky":false}],"history":{"statistic":{"failed":0,"broken":1,"skipped":0,"passed":12,"unknown":0,"total":13},"items":[{"uid":"c0b30145aae14efd","reportUrl":"https://Liska07.github.io/TestRail/40//#testresult/c0b30145aae14efd","status":"passed","time":{"start":1717980764310,"stop":1717980769216,"duration":4906}},{"uid":"c24b9e0b421ee903","reportUrl":"https://Liska07.github.io/TestRail/38//#testresult/c24b9e0b421ee903","status":"passed","time":{"start":1717975892075,"stop":1717975897008,"duration":4933}},{"uid":"34b7ada01e4895c8","reportUrl":"https://Liska07.github.io/TestRail/37//#testresult/34b7ada01e4895c8","status":"passed","time":{"start":1717975600300,"stop":1717975604865,"duration":4565}},{"uid":"14c2844f9ca84de8","reportUrl":"https://Liska07.github.io/TestRail/36//#testresult/14c2844f9ca84de8","status":"passed","time":{"start":1717941381871,"stop":1717941388027,"duration":6156}},{"uid":"6a3e6eaebfd06947","reportUrl":"https://Liska07.github.io/TestRail/35//#testresult/6a3e6eaebfd06947","status":"passed","time":{"start":1717937743237,"stop":1717937748608,"duration":5371}},{"uid":"245afbbec0d76204","reportUrl":"https://Liska07.github.io/TestRail/33//#testresult/245afbbec0d76204","status":"passed","time":{"start":1717898193746,"stop":1717898199757,"duration":6011}},{"uid":"475647a5fd91facc","reportUrl":"https://Liska07.github.io/TestRail/32//#testresult/475647a5fd91facc","status":"passed","time":{"start":1717895591691,"stop":1717895596225,"duration":4534}},{"uid":"5da501bc2bafa100","reportUrl":"https://Liska07.github.io/TestRail/30//#testresult/5da501bc2bafa100","status":"passed","time":{"start":1717894538666,"stop":1717894544023,"duration":5357}},{"uid":"8f5a45310f41dde9","reportUrl":"https://Liska07.github.io/TestRail/29//#testresult/8f5a45310f41dde9","status":"passed","time":{"start":1717893944450,"stop":1717893951850,"duration":7400}},{"uid":"6b2abb59a91462bd","reportUrl":"https://Liska07.github.io/TestRail/28//#testresult/6b2abb59a91462bd","status":"passed","time":{"start":1717893694361,"stop":1717893699144,"duration":4783}},{"uid":"1f800c711fc753b6","reportUrl":"https://Liska07.github.io/TestRail/25//#testresult/1f800c711fc753b6","status":"passed","time":{"start":1717880900900,"stop":1717880904928,"duration":4028}},{"uid":"e7dcabd777d2a2fd","reportUrl":"https://Liska07.github.io/TestRail/22//#testresult/e7dcabd777d2a2fd","status":"passed","time":{"start":1717876669221,"stop":1717876684026,"duration":14805}}]},"tags":["ProjectTests"]},"source":"c04d4ce98afd2ef7.json","parameterValues":[]}